============================= test session starts =============================
platform win32 -- Python 3.13.9, pytest-9.0.1, pluggy-1.5.0 -- C:\Users\Rau\miniconda3\python.exe
cachedir: .pytest_cache
PySide6 6.10.1 -- Qt runtime 6.10.1 -- Qt compiled 6.10.1
rootdir: C:\Users\Rau\Desktop\CasareRPA
configfile: pyproject.toml
plugins: asyncio-1.3.0, qt-4.5.0
asyncio: mode=Mode.AUTO, debug=False, asyncio_default_fixture_loop_scope=None, asyncio_default_test_loop_scope=function
collecting ... collected 0 items / 1 error

=================================== ERRORS ====================================
_____________________ ERROR collecting tests/test_gui.py ______________________
ImportError while importing test module 'C:\Users\Rau\Desktop\CasareRPA\tests\test_gui.py'.
Hint: make sure your test modules/packages have valid Python names.
Traceback:
..\..\miniconda3\Lib\importlib\__init__.py:88: in import_module
    return _bootstrap._gcd_import(name[level:], package, level)
           ^^^^^^^^^^^^^^^^^^^^^^^^^^^^^^^^^^^^^^^^^^^^^^^^^^^^
tests\test_gui.py:13: in <module>
    from casare_rpa.canvas.main_window import MainWindow
E   ModuleNotFoundError: No module named 'casare_rpa'
=========================== short test summary info ===========================
ERROR tests/test_gui.py
!!!!!!!!!!!!!!!!!!! Interrupted: 1 error during collection !!!!!!!!!!!!!!!!!!!!
============================== 1 error in 0.22s ===============================
