============================= test session starts =============================
platform win32 -- Python 3.13.9, pytest-9.0.1, pluggy-1.5.0 -- C:\Users\Rau\miniconda3\python.exe
cachedir: .pytest_cache
PySide6 6.10.1 -- Qt runtime 6.10.1 -- Qt compiled 6.10.1
rootdir: C:\Users\Rau\Desktop\CasareRPA
configfile: pyproject.toml
plugins: asyncio-1.3.0, qt-4.5.0
asyncio: mode=Mode.AUTO, debug=False, asyncio_default_fixture_loop_scope=None, asyncio_default_test_loop_scope=function
collecting ... collected 4 items

tests/test_robot.py::test_robot_initialization PASSED                    [ 25%]
tests/test_robot.py::test_robot_id_persistence PASSED                    [ 50%]
tests/test_orchestrator.py::test_orchestrator_window_creation FAILED     [ 75%]
C:\Users\Rau\miniconda3\Lib\site-packages\_pytest\unraisableexception.py:33: RuntimeWarning: coroutine 'OrchestratorWindow.refresh_data' was never awaited
  gc.collect()
RuntimeWarning: Enable tracemalloc to get the object allocation traceback
tests/test_orchestrator.py::test_cloud_service PASSED                    [100%]

================================== FAILURES ===================================
______________________ test_orchestrator_window_creation ______________________
tests\test_orchestrator.py:11: in test_orchestrator_window_creation
    window = OrchestratorWindow()
             ^^^^^^^^^^^^^^^^^^^^
src\casare_rpa\orchestrator\main_window.py:54: in __init__
    asyncio.create_task(self.refresh_data())
..\..\miniconda3\Lib\asyncio\tasks.py:407: in create_task
    loop = events.get_running_loop()
           ^^^^^^^^^^^^^^^^^^^^^^^^^
E   RuntimeError: no running event loop
=========================== short test summary info ===========================
FAILED tests/test_orchestrator.py::test_orchestrator_window_creation - Runtim...
========================= 1 failed, 3 passed in 1.32s =========================
